ambulance
fbi
fbi2
firetruk
police1
police2
police3
police4
policet
riot
riot2
biff
mule
mule2
mule3
mule4
pounder
pounder2
stockade
asbo
blista
dilettante
kanjo
panto
prairie
cogcabrio
exemplar
f620
felon
jackal
oracle
oracle2
sentinel
sentinel2
windsor
windsor2
zion
guardian
deviant
dominator3
moonbeam
nightshade
dubsta3
freecrawler
hellion
mesa3
baller
baller2
baller3
baller4
baller5
baller6
bjxl
cavalcade
cavalcade2
contender
dubsta
dubsta2
granger
patriot
rebla
toros
asea
asterope
cog55
cog552
cognoscenti
cognoscenti2
emperor
fugitive
taxi
