ambulance
firetruk
sheriff
sheriff2
biff
mule
mule2
mule3
mule4
pounder
pounder2
stockade
rhapsody
mixer
mixer2
rubble
tiptruck
tiptruck2
blade
buccaneer
chino
clique
coquette3
deviant
dukes
faction
faction2
faction3
ellie
impaler
imperator
picador
ratloader
tampa
tulip
vamos
vigero
virgo
virgo2
virgo3
voodoo
voodoo2
yosemite
bfinjection
bodhi2
dloader
everon
mesa3
rancherxl
rebel
rebel2
sandking
sandking2
dubsta2
granger
mesa
patriot
emperor
emperor2
glendale
ingot
regina
warrener
taxi
